<?xml version="1.0" encoding="UTF-8"?>
<testng-results ignored="0" total="1" passed="1" failed="0" skipped="0">
  <reporter-output>
  </reporter-output>
  <suite started-at="2024-09-30T17:14:39 IST" name="Default suite" finished-at="2024-09-30T17:14:45 IST" duration-ms="5685">
    <groups>
    </groups>
    <test started-at="2024-09-30T17:14:39 IST" name="Default test" finished-at="2024-09-30T17:14:45 IST" duration-ms="5685">
      <class name="testpkg.Saucelogintest">
        <test-method is-config="true" signature="test()[pri:0, instance:testpkg.Saucelogintest@6e6f2380]" started-at="2024-09-30T17:14:39 IST" name="test" finished-at="2024-09-30T17:14:42 IST" duration-ms="3265" status="PASS">
          <reporter-output>
          </reporter-output>
        </test-method> <!-- test -->
        <test-method signature="verifyLoginWithValidCred()[pri:0, instance:testpkg.Saucelogintest@6e6f2380]" started-at="2024-09-30T17:14:43 IST" name="verifyLoginWithValidCred" finished-at="2024-09-30T17:14:45 IST" duration-ms="2373" status="PASS">
          <reporter-output>
          </reporter-output>
        </test-method> <!-- verifyLoginWithValidCred -->
      </class> <!-- testpkg.Saucelogintest -->
    </test> <!-- Default test -->
  </suite> <!-- Default suite -->
</testng-results>
